10:40:16 [HEADER] === PHASE 3 GO/NO-GO GATE START ===
10:40:16 [INFO] Timestamp: 20260208_104016
10:40:16 [INFO] StartupTimeoutSeconds: 90
10:40:16 [INFO] CycleCount: 10
10:40:16 [INFO] 
10:40:16 [HEADER] 
=== GATE 1: 10 Consecutive Start/Stop Cycles ===
10:40:16 [INFO] Each cycle MUST: start stack, verify all PIDs + processes + healthz, stop cleanly, zero zombies
10:40:16 [INFO] 
Cycle 1/10
10:40:16 [DEBUG]   Starting stack...
10:40:16 [FAIL]   FAIL - Cycle 1 failed: At S:\scripts\ops\start-sonia-stack.ps1:143 char:29
+         Write-Success "Port $port: available"
+                             ~~~~~~
Variable reference is not valid. ':' was not followed by a valid variable name character. Consider using ${} to delimit the name.

At S:\scripts\ops\start-sonia-stack.ps1:145 char:34
+         Write-Error-Custom "Port $port: IN USE"
+                                  ~~~~~~
Variable reference is not valid. ':' was not followed by a valid variable name character. Consider using ${} to delimit the name.

At S:\scripts\ops\start-sonia-stack.ps1:225 char:48
+ if (-not $SkipHealthCheck -and -not $TestOnly) {
+                                                ~
Missing closing '}' in statement block or type definition.

At S:\scripts\ops\start-sonia-stack.ps1:49 char:24
+ function Write-Success {
+                        ~
Missing closing '}' in statement block or type definition.
