12:16:41 [HEADER] === PHASE 3 GO/NO-GO GATE START ===
12:16:41 [INFO] Timestamp: 20260208_121641
12:16:41 [INFO] StartupTimeoutSeconds: 90
12:16:41 [INFO] CycleCount: 10
12:16:41 [INFO] 
12:16:41 [HEADER] 
=== GATE 1: 10 Consecutive Start/Stop Cycles ===
12:16:41 [INFO] Each cycle MUST: start stack, verify all PIDs + processes + healthz, stop cleanly, zero zombies
12:16:41 [INFO] 
Cycle 1/10
12:16:41 [DEBUG]   Starting stack...
12:16:42 [DEBUG]   Waiting for stack to become healthy (90s timeout)...
12:16:42 [DEBUG] Service model-router: Process 43164 not running (PID file exists but process dead)
12:16:43 [DEBUG] Service api-gateway: Process 40680 not running (PID file exists but process dead)
12:16:44 [DEBUG] Service api-gateway: Process 40680 not running (PID file exists but process dead)
12:16:45 [DEBUG] Service api-gateway: Process 40680 not running (PID file exists but process dead)
12:16:46 [DEBUG] Service api-gateway: Process 40680 not running (PID file exists but process dead)
12:16:47 [DEBUG] Service api-gateway: Process 40680 not running (PID file exists but process dead)
12:16:48 [DEBUG] Service api-gateway: Process 40680 not running (PID file exists but process dead)
12:16:49 [DEBUG] Service api-gateway: Process 40680 not running (PID file exists but process dead)
12:16:50 [DEBUG] Service api-gateway: Process 40680 not running (PID file exists but process dead)
12:16:51 [DEBUG] Service api-gateway: Process 40680 not running (PID file exists but process dead)
12:16:52 [DEBUG] Service api-gateway: Process 40680 not running (PID file exists but process dead)
12:16:53 [DEBUG] Service api-gateway: Process 40680 not running (PID file exists but process dead)
12:16:54 [DEBUG] Service api-gateway: Process 40680 not running (PID file exists but process dead)
12:16:55 [DEBUG] Service api-gateway: Process 40680 not running (PID file exists but process dead)
12:16:56 [DEBUG] Service api-gateway: Process 40680 not running (PID file exists but process dead)
12:16:57 [DEBUG] Service api-gateway: Process 40680 not running (PID file exists but process dead)
12:16:58 [DEBUG] Service api-gateway: Process 40680 not running (PID file exists but process dead)
12:16:59 [DEBUG] Service api-gateway: Process 40680 not running (PID file exists but process dead)
12:17:00 [DEBUG] Service api-gateway: Process 40680 not running (PID file exists but process dead)
12:17:01 [DEBUG] Service api-gateway: Process 40680 not running (PID file exists but process dead)
12:17:02 [DEBUG] Service api-gateway: Process 40680 not running (PID file exists but process dead)
12:17:03 [DEBUG] Service api-gateway: Process 40680 not running (PID file exists but process dead)
12:17:04 [DEBUG] Service api-gateway: Process 40680 not running (PID file exists but process dead)
12:17:05 [DEBUG] Service api-gateway: Process 40680 not running (PID file exists but process dead)
12:17:06 [DEBUG] Service api-gateway: Process 40680 not running (PID file exists but process dead)
12:17:07 [DEBUG] Service api-gateway: Process 40680 not running (PID file exists but process dead)
12:17:08 [DEBUG] Service api-gateway: Process 40680 not running (PID file exists but process dead)
12:17:09 [DEBUG] Service api-gateway: Process 40680 not running (PID file exists but process dead)
12:17:10 [DEBUG] Service api-gateway: Process 40680 not running (PID file exists but process dead)
12:17:11 [DEBUG] Service api-gateway: Process 40680 not running (PID file exists but process dead)
12:17:12 [DEBUG] Service api-gateway: Process 40680 not running (PID file exists but process dead)
12:17:13 [DEBUG] Service api-gateway: Process 40680 not running (PID file exists but process dead)
12:17:14 [DEBUG] Service api-gateway: Process 40680 not running (PID file exists but process dead)
12:17:15 [DEBUG] Service api-gateway: Process 40680 not running (PID file exists but process dead)
12:17:16 [DEBUG] Service api-gateway: Process 40680 not running (PID file exists but process dead)
12:17:17 [DEBUG] Service api-gateway: Process 40680 not running (PID file exists but process dead)
12:17:18 [DEBUG] Service api-gateway: Process 40680 not running (PID file exists but process dead)
12:17:19 [DEBUG] Service api-gateway: Process 40680 not running (PID file exists but process dead)
12:17:20 [DEBUG] Service api-gateway: Process 40680 not running (PID file exists but process dead)
12:17:21 [DEBUG] Service api-gateway: Process 40680 not running (PID file exists but process dead)
12:17:22 [DEBUG] Service api-gateway: Process 40680 not running (PID file exists but process dead)
12:17:23 [DEBUG] Service api-gateway: Process 40680 not running (PID file exists but process dead)
12:17:24 [DEBUG] Service api-gateway: Process 40680 not running (PID file exists but process dead)
12:17:25 [DEBUG] Service api-gateway: Process 40680 not running (PID file exists but process dead)
12:17:26 [DEBUG] Service api-gateway: Process 40680 not running (PID file exists but process dead)
12:17:27 [DEBUG] Service api-gateway: Process 40680 not running (PID file exists but process dead)
12:17:28 [DEBUG] Service api-gateway: Process 40680 not running (PID file exists but process dead)
12:17:29 [DEBUG] Service api-gateway: Process 40680 not running (PID file exists but process dead)
12:17:30 [DEBUG] Service api-gateway: Process 40680 not running (PID file exists but process dead)
12:17:31 [DEBUG] Service api-gateway: Process 40680 not running (PID file exists but process dead)
12:17:32 [DEBUG] Service api-gateway: Process 40680 not running (PID file exists but process dead)
12:17:33 [DEBUG] Service api-gateway: Process 40680 not running (PID file exists but process dead)
12:17:34 [DEBUG] Service api-gateway: Process 40680 not running (PID file exists but process dead)
12:17:35 [DEBUG] Service api-gateway: Process 40680 not running (PID file exists but process dead)
12:17:36 [DEBUG] Service api-gateway: Process 40680 not running (PID file exists but process dead)
12:17:37 [DEBUG] Service api-gateway: Process 40680 not running (PID file exists but process dead)
12:17:38 [DEBUG] Service api-gateway: Process 40680 not running (PID file exists but process dead)
12:17:39 [DEBUG] Service api-gateway: Process 40680 not running (PID file exists but process dead)
12:17:40 [DEBUG] Service api-gateway: Process 40680 not running (PID file exists but process dead)
12:17:41 [DEBUG] Service api-gateway: Process 40680 not running (PID file exists but process dead)
12:17:43 [DEBUG] Service api-gateway: Process 40680 not running (PID file exists but process dead)
12:17:44 [DEBUG] Service api-gateway: Process 40680 not running (PID file exists but process dead)
12:17:45 [DEBUG] Service api-gateway: Process 40680 not running (PID file exists but process dead)
12:17:46 [DEBUG] Service api-gateway: Process 40680 not running (PID file exists but process dead)
12:17:47 [DEBUG] Service api-gateway: Process 40680 not running (PID file exists but process dead)
12:17:48 [DEBUG] Service api-gateway: Process 40680 not running (PID file exists but process dead)
12:17:49 [DEBUG] Service api-gateway: Process 40680 not running (PID file exists but process dead)
12:17:50 [DEBUG] Service api-gateway: Process 40680 not running (PID file exists but process dead)
12:17:51 [DEBUG] Service api-gateway: Process 40680 not running (PID file exists but process dead)
12:17:52 [DEBUG] Service api-gateway: Process 40680 not running (PID file exists but process dead)
12:17:53 [DEBUG] Service api-gateway: Process 40680 not running (PID file exists but process dead)
12:17:54 [DEBUG] Service api-gateway: Process 40680 not running (PID file exists but process dead)
12:17:55 [DEBUG] Service api-gateway: Process 40680 not running (PID file exists but process dead)
12:17:56 [DEBUG] Service api-gateway: Process 40680 not running (PID file exists but process dead)
12:17:57 [DEBUG] Service api-gateway: Process 40680 not running (PID file exists but process dead)
12:17:58 [DEBUG] Service api-gateway: Process 40680 not running (PID file exists but process dead)
12:17:59 [DEBUG] Service api-gateway: Process 40680 not running (PID file exists but process dead)
12:18:00 [DEBUG] Service api-gateway: Process 40680 not running (PID file exists but process dead)
12:18:01 [DEBUG] Service api-gateway: Process 40680 not running (PID file exists but process dead)
12:18:02 [DEBUG] Service api-gateway: Process 40680 not running (PID file exists but process dead)
12:18:03 [DEBUG] Service api-gateway: Process 40680 not running (PID file exists but process dead)
12:18:04 [DEBUG] Service api-gateway: Process 40680 not running (PID file exists but process dead)
12:18:05 [DEBUG] Service api-gateway: Process 40680 not running (PID file exists but process dead)
12:18:06 [DEBUG] Service api-gateway: Process 40680 not running (PID file exists but process dead)
12:18:07 [DEBUG] Service api-gateway: Process 40680 not running (PID file exists but process dead)
12:18:08 [DEBUG] Service api-gateway: Process 40680 not running (PID file exists but process dead)
12:18:09 [DEBUG] Service api-gateway: Process 40680 not running (PID file exists but process dead)
12:18:10 [DEBUG] Service api-gateway: Process 40680 not running (PID file exists but process dead)
12:18:11 [DEBUG] Service api-gateway: Process 40680 not running (PID file exists but process dead)
12:18:12 [DEBUG] Service api-gateway: Process 40680 not running (PID file exists but process dead)
12:18:13 [FAIL]   FAIL - Stack did not become healthy within 90s
12:18:13 [FAIL]   FAIL - Cycle 1 failed: Gate 1 FAIL: Stack startup timeout on cycle 1
