12:19:10 [HEADER] === PHASE 3 GO/NO-GO GATE START ===
12:19:10 [INFO] Timestamp: 20260208_121910
12:19:10 [INFO] StartupTimeoutSeconds: 90
12:19:10 [INFO] CycleCount: 10
12:19:10 [INFO] 
12:19:10 [HEADER] 
=== GATE 1: 10 Consecutive Start/Stop Cycles ===
12:19:10 [INFO] Each cycle MUST: start stack, verify all PIDs + processes + healthz, stop cleanly, zero zombies
12:19:10 [DEBUG]   Pre-gate cleanup: stopping any running services...
12:19:12 [INFO] 
Cycle 1/10
12:19:12 [DEBUG]   Starting stack...
12:19:12 [DEBUG]   Waiting for stack to become healthy (90s timeout)...
12:19:12 [DEBUG] Service memory-engine: Process 11736 not running (PID file exists but process dead)
12:19:13 [DEBUG] Service api-gateway: Process 37088 not running (PID file exists but process dead)
12:19:14 [DEBUG] Service api-gateway: Process 37088 not running (PID file exists but process dead)
12:19:15 [DEBUG] Service api-gateway: Process 37088 not running (PID file exists but process dead)
12:19:16 [DEBUG] Service api-gateway: Process 37088 not running (PID file exists but process dead)
12:19:17 [DEBUG] Service api-gateway: Process 37088 not running (PID file exists but process dead)
12:19:18 [DEBUG] Service api-gateway: Process 37088 not running (PID file exists but process dead)
12:19:19 [DEBUG] Service api-gateway: Process 37088 not running (PID file exists but process dead)
12:19:21 [DEBUG] Service api-gateway: Process 37088 not running (PID file exists but process dead)
12:19:22 [DEBUG] Service api-gateway: Process 37088 not running (PID file exists but process dead)
12:19:23 [DEBUG] Service api-gateway: Process 37088 not running (PID file exists but process dead)
12:19:24 [DEBUG] Service api-gateway: Process 37088 not running (PID file exists but process dead)
12:19:25 [DEBUG] Service api-gateway: Process 37088 not running (PID file exists but process dead)
12:19:26 [DEBUG] Service api-gateway: Process 37088 not running (PID file exists but process dead)
12:19:27 [DEBUG] Service api-gateway: Process 37088 not running (PID file exists but process dead)
12:19:28 [DEBUG] Service api-gateway: Process 37088 not running (PID file exists but process dead)
12:19:29 [DEBUG] Service api-gateway: Process 37088 not running (PID file exists but process dead)
12:19:30 [DEBUG] Service api-gateway: Process 37088 not running (PID file exists but process dead)
12:19:31 [DEBUG] Service api-gateway: Process 37088 not running (PID file exists but process dead)
12:19:32 [DEBUG] Service api-gateway: Process 37088 not running (PID file exists but process dead)
12:19:33 [DEBUG] Service api-gateway: Process 37088 not running (PID file exists but process dead)
12:19:34 [DEBUG] Service api-gateway: Process 37088 not running (PID file exists but process dead)
12:19:35 [DEBUG] Service api-gateway: Process 37088 not running (PID file exists but process dead)
12:19:36 [DEBUG] Service api-gateway: Process 37088 not running (PID file exists but process dead)
12:19:37 [DEBUG] Service api-gateway: Process 37088 not running (PID file exists but process dead)
12:19:38 [DEBUG] Service api-gateway: Process 37088 not running (PID file exists but process dead)
12:19:39 [DEBUG] Service api-gateway: Process 37088 not running (PID file exists but process dead)
12:19:40 [DEBUG] Service api-gateway: Process 37088 not running (PID file exists but process dead)
12:19:41 [DEBUG] Service api-gateway: Process 37088 not running (PID file exists but process dead)
12:19:42 [DEBUG] Service api-gateway: Process 37088 not running (PID file exists but process dead)
12:19:43 [DEBUG] Service api-gateway: Process 37088 not running (PID file exists but process dead)
12:19:44 [DEBUG] Service api-gateway: Process 37088 not running (PID file exists but process dead)
12:19:45 [DEBUG] Service api-gateway: Process 37088 not running (PID file exists but process dead)
12:19:46 [DEBUG] Service api-gateway: Process 37088 not running (PID file exists but process dead)
12:19:47 [DEBUG] Service api-gateway: Process 37088 not running (PID file exists but process dead)
12:19:48 [DEBUG] Service api-gateway: Process 37088 not running (PID file exists but process dead)
12:19:49 [DEBUG] Service api-gateway: Process 37088 not running (PID file exists but process dead)
12:19:50 [DEBUG] Service api-gateway: Process 37088 not running (PID file exists but process dead)
12:19:51 [DEBUG] Service api-gateway: Process 37088 not running (PID file exists but process dead)
12:19:52 [DEBUG] Service api-gateway: Process 37088 not running (PID file exists but process dead)
12:19:53 [DEBUG] Service api-gateway: Process 37088 not running (PID file exists but process dead)
12:19:54 [DEBUG] Service api-gateway: Process 37088 not running (PID file exists but process dead)
12:19:55 [DEBUG] Service api-gateway: Process 37088 not running (PID file exists but process dead)
12:19:56 [DEBUG] Service api-gateway: Process 37088 not running (PID file exists but process dead)
12:19:57 [DEBUG] Service api-gateway: Process 37088 not running (PID file exists but process dead)
12:19:58 [DEBUG] Service api-gateway: Process 37088 not running (PID file exists but process dead)
12:19:59 [DEBUG] Service api-gateway: Process 37088 not running (PID file exists but process dead)
12:20:00 [DEBUG] Service api-gateway: Process 37088 not running (PID file exists but process dead)
12:20:01 [DEBUG] Service api-gateway: Process 37088 not running (PID file exists but process dead)
12:20:02 [DEBUG] Service api-gateway: Process 37088 not running (PID file exists but process dead)
12:20:03 [DEBUG] Service api-gateway: Process 37088 not running (PID file exists but process dead)
12:20:04 [DEBUG] Service api-gateway: Process 37088 not running (PID file exists but process dead)
12:20:05 [DEBUG] Service api-gateway: Process 37088 not running (PID file exists but process dead)
12:20:06 [DEBUG] Service api-gateway: Process 37088 not running (PID file exists but process dead)
12:20:07 [DEBUG] Service api-gateway: Process 37088 not running (PID file exists but process dead)
12:20:08 [DEBUG] Service api-gateway: Process 37088 not running (PID file exists but process dead)
12:20:09 [DEBUG] Service api-gateway: Process 37088 not running (PID file exists but process dead)
12:20:10 [DEBUG] Service api-gateway: Process 37088 not running (PID file exists but process dead)
12:20:11 [DEBUG] Service api-gateway: Process 37088 not running (PID file exists but process dead)
12:20:12 [DEBUG] Service api-gateway: Process 37088 not running (PID file exists but process dead)
12:20:13 [DEBUG] Service api-gateway: Process 37088 not running (PID file exists but process dead)
12:20:14 [DEBUG] Service api-gateway: Process 37088 not running (PID file exists but process dead)
12:20:15 [DEBUG] Service api-gateway: Process 37088 not running (PID file exists but process dead)
12:20:16 [DEBUG] Service api-gateway: Process 37088 not running (PID file exists but process dead)
12:20:17 [DEBUG] Service api-gateway: Process 37088 not running (PID file exists but process dead)
12:20:18 [DEBUG] Service api-gateway: Process 37088 not running (PID file exists but process dead)
12:20:19 [DEBUG] Service api-gateway: Process 37088 not running (PID file exists but process dead)
12:20:20 [DEBUG] Service api-gateway: Process 37088 not running (PID file exists but process dead)
12:20:21 [DEBUG] Service api-gateway: Process 37088 not running (PID file exists but process dead)
12:20:22 [DEBUG] Service api-gateway: Process 37088 not running (PID file exists but process dead)
12:20:23 [DEBUG] Service api-gateway: Process 37088 not running (PID file exists but process dead)
12:20:24 [DEBUG] Service api-gateway: Process 37088 not running (PID file exists but process dead)
12:20:25 [DEBUG] Service api-gateway: Process 37088 not running (PID file exists but process dead)
12:20:26 [DEBUG] Service api-gateway: Process 37088 not running (PID file exists but process dead)
12:20:27 [DEBUG] Service api-gateway: Process 37088 not running (PID file exists but process dead)
12:20:28 [DEBUG] Service api-gateway: Process 37088 not running (PID file exists but process dead)
12:20:29 [DEBUG] Service api-gateway: Process 37088 not running (PID file exists but process dead)
12:20:30 [DEBUG] Service api-gateway: Process 37088 not running (PID file exists but process dead)
12:20:31 [DEBUG] Service api-gateway: Process 37088 not running (PID file exists but process dead)
12:20:32 [DEBUG] Service api-gateway: Process 37088 not running (PID file exists but process dead)
12:20:33 [DEBUG] Service api-gateway: Process 37088 not running (PID file exists but process dead)
12:20:34 [DEBUG] Service api-gateway: Process 37088 not running (PID file exists but process dead)
12:20:35 [DEBUG] Service api-gateway: Process 37088 not running (PID file exists but process dead)
12:20:36 [DEBUG] Service api-gateway: Process 37088 not running (PID file exists but process dead)
12:20:37 [DEBUG] Service api-gateway: Process 37088 not running (PID file exists but process dead)
12:20:38 [DEBUG] Service api-gateway: Process 37088 not running (PID file exists but process dead)
12:20:39 [DEBUG] Service api-gateway: Process 37088 not running (PID file exists but process dead)
12:20:40 [DEBUG] Service api-gateway: Process 37088 not running (PID file exists but process dead)
12:20:41 [DEBUG] Service api-gateway: Process 37088 not running (PID file exists but process dead)
12:20:42 [DEBUG] Service api-gateway: Process 37088 not running (PID file exists but process dead)
12:20:43 [FAIL]   FAIL - Stack did not become healthy within 90s
12:20:43 [FAIL]   FAIL - Cycle 1 failed: Gate 1 FAIL: Stack startup timeout on cycle 1
