11:10:20 [HEADER] === PHASE 3 GO/NO-GO GATE START ===
11:10:20 [INFO] Timestamp: 20260208_111020
11:10:20 [INFO] StartupTimeoutSeconds: 90
11:10:20 [INFO] CycleCount: 10
11:10:20 [INFO] 
11:10:20 [HEADER] 
=== GATE 1: 10 Consecutive Start/Stop Cycles ===
11:10:20 [INFO] Each cycle MUST: start stack, verify all PIDs + processes + healthz, stop cleanly, zero zombies
11:10:20 [INFO] 
Cycle 1/10
11:10:20 [DEBUG]   Starting stack...
11:10:20 [DEBUG]   Waiting for stack to become healthy (90s timeout)...
11:10:20 [DEBUG] Service api-gateway: PID file missing at S:\state\pids\api-gateway.pid
11:10:21 [DEBUG] Service api-gateway: PID file missing at S:\state\pids\api-gateway.pid
11:10:22 [DEBUG] Service api-gateway: PID file missing at S:\state\pids\api-gateway.pid
11:10:23 [DEBUG] Service api-gateway: PID file missing at S:\state\pids\api-gateway.pid
11:10:24 [DEBUG] Service api-gateway: PID file missing at S:\state\pids\api-gateway.pid
11:10:25 [DEBUG] Service api-gateway: PID file missing at S:\state\pids\api-gateway.pid
11:10:26 [DEBUG] Service api-gateway: PID file missing at S:\state\pids\api-gateway.pid
11:10:27 [DEBUG] Service api-gateway: PID file missing at S:\state\pids\api-gateway.pid
11:10:28 [DEBUG] Service api-gateway: PID file missing at S:\state\pids\api-gateway.pid
11:10:29 [DEBUG] Service api-gateway: PID file missing at S:\state\pids\api-gateway.pid
11:10:30 [DEBUG] Service api-gateway: PID file missing at S:\state\pids\api-gateway.pid
11:10:31 [DEBUG] Service api-gateway: PID file missing at S:\state\pids\api-gateway.pid
11:10:32 [DEBUG] Service api-gateway: PID file missing at S:\state\pids\api-gateway.pid
11:10:33 [DEBUG] Service api-gateway: PID file missing at S:\state\pids\api-gateway.pid
11:10:34 [DEBUG] Service api-gateway: PID file missing at S:\state\pids\api-gateway.pid
11:10:35 [DEBUG] Service api-gateway: PID file missing at S:\state\pids\api-gateway.pid
11:10:36 [DEBUG] Service api-gateway: PID file missing at S:\state\pids\api-gateway.pid
11:10:37 [DEBUG] Service api-gateway: PID file missing at S:\state\pids\api-gateway.pid
11:10:38 [DEBUG] Service api-gateway: PID file missing at S:\state\pids\api-gateway.pid
11:10:39 [DEBUG] Service api-gateway: PID file missing at S:\state\pids\api-gateway.pid
11:10:40 [DEBUG] Service api-gateway: PID file missing at S:\state\pids\api-gateway.pid
11:10:41 [DEBUG] Service api-gateway: PID file missing at S:\state\pids\api-gateway.pid
11:10:42 [DEBUG] Service api-gateway: PID file missing at S:\state\pids\api-gateway.pid
11:10:43 [DEBUG] Service api-gateway: PID file missing at S:\state\pids\api-gateway.pid
11:10:44 [DEBUG] Service api-gateway: PID file missing at S:\state\pids\api-gateway.pid
11:10:45 [DEBUG] Service api-gateway: PID file missing at S:\state\pids\api-gateway.pid
11:10:46 [DEBUG] Service api-gateway: PID file missing at S:\state\pids\api-gateway.pid
11:10:47 [DEBUG] Service api-gateway: PID file missing at S:\state\pids\api-gateway.pid
11:10:48 [DEBUG] Service api-gateway: PID file missing at S:\state\pids\api-gateway.pid
11:10:49 [DEBUG] Service api-gateway: PID file missing at S:\state\pids\api-gateway.pid
11:10:50 [DEBUG] Service api-gateway: PID file missing at S:\state\pids\api-gateway.pid
11:10:51 [DEBUG] Service api-gateway: PID file missing at S:\state\pids\api-gateway.pid
11:10:52 [DEBUG] Service api-gateway: PID file missing at S:\state\pids\api-gateway.pid
11:10:53 [DEBUG] Service api-gateway: PID file missing at S:\state\pids\api-gateway.pid
11:10:54 [DEBUG] Service api-gateway: PID file missing at S:\state\pids\api-gateway.pid
11:10:55 [DEBUG] Service api-gateway: PID file missing at S:\state\pids\api-gateway.pid
11:10:56 [DEBUG] Service api-gateway: PID file missing at S:\state\pids\api-gateway.pid
11:10:57 [DEBUG] Service api-gateway: PID file missing at S:\state\pids\api-gateway.pid
11:10:58 [DEBUG] Service api-gateway: PID file missing at S:\state\pids\api-gateway.pid
11:10:59 [DEBUG] Service api-gateway: PID file missing at S:\state\pids\api-gateway.pid
11:11:00 [DEBUG] Service api-gateway: PID file missing at S:\state\pids\api-gateway.pid
11:11:01 [DEBUG] Service api-gateway: PID file missing at S:\state\pids\api-gateway.pid
11:11:02 [DEBUG] Service api-gateway: PID file missing at S:\state\pids\api-gateway.pid
11:11:03 [DEBUG] Service api-gateway: PID file missing at S:\state\pids\api-gateway.pid
11:11:04 [DEBUG] Service api-gateway: PID file missing at S:\state\pids\api-gateway.pid
11:11:05 [DEBUG] Service api-gateway: PID file missing at S:\state\pids\api-gateway.pid
11:11:06 [DEBUG] Service api-gateway: PID file missing at S:\state\pids\api-gateway.pid
11:11:07 [DEBUG] Service api-gateway: PID file missing at S:\state\pids\api-gateway.pid
11:11:08 [DEBUG] Service api-gateway: PID file missing at S:\state\pids\api-gateway.pid
11:11:09 [DEBUG] Service api-gateway: PID file missing at S:\state\pids\api-gateway.pid
11:11:10 [DEBUG] Service api-gateway: PID file missing at S:\state\pids\api-gateway.pid
11:11:11 [DEBUG] Service api-gateway: PID file missing at S:\state\pids\api-gateway.pid
11:11:12 [DEBUG] Service api-gateway: PID file missing at S:\state\pids\api-gateway.pid
11:11:13 [DEBUG] Service api-gateway: PID file missing at S:\state\pids\api-gateway.pid
11:11:14 [DEBUG] Service api-gateway: PID file missing at S:\state\pids\api-gateway.pid
11:11:15 [DEBUG] Service api-gateway: PID file missing at S:\state\pids\api-gateway.pid
11:11:16 [DEBUG] Service api-gateway: PID file missing at S:\state\pids\api-gateway.pid
11:11:17 [DEBUG] Service api-gateway: PID file missing at S:\state\pids\api-gateway.pid
11:11:18 [DEBUG] Service api-gateway: PID file missing at S:\state\pids\api-gateway.pid
11:11:19 [DEBUG] Service api-gateway: PID file missing at S:\state\pids\api-gateway.pid
11:11:20 [DEBUG] Service api-gateway: PID file missing at S:\state\pids\api-gateway.pid
11:11:21 [DEBUG] Service api-gateway: PID file missing at S:\state\pids\api-gateway.pid
11:11:22 [DEBUG] Service api-gateway: PID file missing at S:\state\pids\api-gateway.pid
11:11:23 [DEBUG] Service api-gateway: PID file missing at S:\state\pids\api-gateway.pid
11:11:24 [DEBUG] Service api-gateway: PID file missing at S:\state\pids\api-gateway.pid
11:11:25 [DEBUG] Service api-gateway: PID file missing at S:\state\pids\api-gateway.pid
11:11:26 [DEBUG] Service api-gateway: PID file missing at S:\state\pids\api-gateway.pid
11:11:27 [DEBUG] Service api-gateway: PID file missing at S:\state\pids\api-gateway.pid
11:11:28 [DEBUG] Service api-gateway: PID file missing at S:\state\pids\api-gateway.pid
11:11:29 [DEBUG] Service api-gateway: PID file missing at S:\state\pids\api-gateway.pid
11:11:30 [DEBUG] Service api-gateway: PID file missing at S:\state\pids\api-gateway.pid
11:11:31 [DEBUG] Service api-gateway: PID file missing at S:\state\pids\api-gateway.pid
11:11:32 [DEBUG] Service api-gateway: PID file missing at S:\state\pids\api-gateway.pid
11:11:33 [DEBUG] Service api-gateway: PID file missing at S:\state\pids\api-gateway.pid
11:11:34 [DEBUG] Service api-gateway: PID file missing at S:\state\pids\api-gateway.pid
11:11:35 [DEBUG] Service api-gateway: PID file missing at S:\state\pids\api-gateway.pid
11:11:36 [DEBUG] Service api-gateway: PID file missing at S:\state\pids\api-gateway.pid
11:11:37 [DEBUG] Service api-gateway: PID file missing at S:\state\pids\api-gateway.pid
11:11:38 [DEBUG] Service api-gateway: PID file missing at S:\state\pids\api-gateway.pid
11:11:39 [DEBUG] Service api-gateway: PID file missing at S:\state\pids\api-gateway.pid
11:11:40 [DEBUG] Service api-gateway: PID file missing at S:\state\pids\api-gateway.pid
11:11:41 [DEBUG] Service api-gateway: PID file missing at S:\state\pids\api-gateway.pid
11:11:42 [DEBUG] Service api-gateway: PID file missing at S:\state\pids\api-gateway.pid
11:11:43 [DEBUG] Service api-gateway: PID file missing at S:\state\pids\api-gateway.pid
11:11:44 [DEBUG] Service api-gateway: PID file missing at S:\state\pids\api-gateway.pid
11:11:45 [DEBUG] Service api-gateway: PID file missing at S:\state\pids\api-gateway.pid
11:11:46 [DEBUG] Service api-gateway: PID file missing at S:\state\pids\api-gateway.pid
11:11:47 [DEBUG] Service api-gateway: PID file missing at S:\state\pids\api-gateway.pid
11:11:48 [DEBUG] Service api-gateway: PID file missing at S:\state\pids\api-gateway.pid
11:11:49 [DEBUG] Service api-gateway: PID file missing at S:\state\pids\api-gateway.pid
11:12:03 [FAIL]   FAIL - Stack did not become healthy within 90s
11:12:03 [FAIL]   FAIL - Cycle 1 failed: Gate 1 FAIL: Stack startup timeout on cycle 1
