12:26:04 [HEADER] === PHASE 3 GO/NO-GO GATE START ===
12:26:04 [INFO] Timestamp: 20260208_122604
12:26:04 [INFO] StartupTimeoutSeconds: 30
12:26:04 [INFO] CycleCount: 10
12:26:04 [INFO] 
12:26:04 [HEADER] 
=== GATE 1: 10 Consecutive Start/Stop Cycles ===
12:26:04 [INFO] Each cycle MUST: start stack, verify all PIDs + processes + healthz, stop cleanly, zero zombies
12:26:04 [DEBUG]   Pre-gate cleanup: stopping any running services...
12:26:08 [INFO] 
Cycle 1/10
12:26:08 [DEBUG]   Starting stack...
12:26:12 [DEBUG]   Waiting for stack to become healthy (30s timeout)...
12:26:12 [DEBUG]   Stack healthy - stopping...
12:26:15 [PASS]   PASS - Cycle complete (PID cleanup verified)
12:26:15 [INFO] 
Cycle 2/10
12:26:15 [DEBUG]   Starting stack...
12:26:19 [DEBUG]   Waiting for stack to become healthy (30s timeout)...
12:26:19 [DEBUG]   Stack healthy - stopping...
12:26:23 [PASS]   PASS - Cycle complete (PID cleanup verified)
12:26:23 [INFO] 
Cycle 3/10
12:26:23 [DEBUG]   Starting stack...
12:26:27 [DEBUG]   Waiting for stack to become healthy (30s timeout)...
12:26:27 [DEBUG]   Stack healthy - stopping...
12:26:30 [PASS]   PASS - Cycle complete (PID cleanup verified)
12:26:30 [INFO] 
Cycle 4/10
12:26:30 [DEBUG]   Starting stack...
12:26:34 [DEBUG]   Waiting for stack to become healthy (30s timeout)...
12:26:34 [DEBUG]   Stack healthy - stopping...
12:26:38 [PASS]   PASS - Cycle complete (PID cleanup verified)
12:26:38 [INFO] 
Cycle 5/10
12:26:38 [DEBUG]   Starting stack...
12:26:41 [DEBUG]   Waiting for stack to become healthy (30s timeout)...
12:26:42 [DEBUG]   Stack healthy - stopping...
12:26:45 [PASS]   PASS - Cycle complete (PID cleanup verified)
12:26:45 [INFO] 
Cycle 6/10
12:26:45 [DEBUG]   Starting stack...
12:26:49 [DEBUG]   Waiting for stack to become healthy (30s timeout)...
12:26:49 [DEBUG]   Stack healthy - stopping...
12:26:53 [PASS]   PASS - Cycle complete (PID cleanup verified)
12:26:53 [INFO] 
Cycle 7/10
12:26:53 [DEBUG]   Starting stack...
12:26:56 [DEBUG]   Waiting for stack to become healthy (30s timeout)...
12:26:56 [DEBUG]   Stack healthy - stopping...
12:27:00 [PASS]   PASS - Cycle complete (PID cleanup verified)
12:27:00 [INFO] 
Cycle 8/10
12:27:00 [DEBUG]   Starting stack...
12:27:04 [DEBUG]   Waiting for stack to become healthy (30s timeout)...
12:27:04 [DEBUG]   Stack healthy - stopping...
12:27:07 [PASS]   PASS - Cycle complete (PID cleanup verified)
12:27:07 [INFO] 
Cycle 9/10
12:27:07 [DEBUG]   Starting stack...
12:27:11 [DEBUG]   Waiting for stack to become healthy (30s timeout)...
12:27:11 [DEBUG]   Stack healthy - stopping...
12:27:15 [PASS]   PASS - Cycle complete (PID cleanup verified)
12:27:15 [INFO] 
Cycle 10/10
12:27:15 [DEBUG]   Starting stack...
12:27:19 [DEBUG]   Waiting for stack to become healthy (30s timeout)...
12:27:19 [DEBUG]   Stack healthy - stopping...
12:27:22 [PASS]   PASS - Cycle complete (PID cleanup verified)
12:27:22 [SUMMARY] 
=== GATE 1 RESULT ===
12:27:22 [SUMMARY] Cycles passed: 10/10
12:27:22 [PASS] GATE 1 PASSED
12:27:22 [HEADER] 
=== GATE 2: Health Checks (0 min) ===
12:27:22 [INFO] Expected: 30 minutes / 5s interval = 360 intervals
12:27:22 [INFO] Expected: 360 intervals × 6 services = 2,160 total checks
12:27:26 [SUMMARY] 
=== GATE 2 RESULT ===
12:27:26 [SUMMARY] Total checks: 0 (expected: 2160)
12:27:26 [SUMMARY] Intervals: 0 (expected: 360)
12:27:26 [SUMMARY] Failed checks: 0 (threshold: 0)
12:27:26 [FAIL] GATE 2 FAILED - Health checks incomplete or had failures
