12:21:09 [HEADER] === PHASE 3 GO/NO-GO GATE START ===
12:21:09 [INFO] Timestamp: 20260208_122109
12:21:09 [INFO] StartupTimeoutSeconds: 90
12:21:09 [INFO] CycleCount: 10
12:21:09 [INFO] 
12:21:09 [HEADER] 
=== GATE 1: 10 Consecutive Start/Stop Cycles ===
12:21:09 [INFO] Each cycle MUST: start stack, verify all PIDs + processes + healthz, stop cleanly, zero zombies
12:21:09 [DEBUG]   Pre-gate cleanup: stopping any running services...
12:21:11 [INFO] 
Cycle 1/10
12:21:11 [DEBUG]   Starting stack...
12:21:12 [DEBUG]   Waiting for stack to become healthy (90s timeout)...
12:21:12 [DEBUG] Service memory-engine: Process 37084 not running (PID file exists but process dead)
12:21:13 [DEBUG] Service api-gateway: Process 44296 not running (PID file exists but process dead)
12:21:14 [DEBUG] Service api-gateway: Process 44296 not running (PID file exists but process dead)
12:21:15 [DEBUG] Service api-gateway: Process 44296 not running (PID file exists but process dead)
12:21:16 [DEBUG] Service api-gateway: Process 44296 not running (PID file exists but process dead)
12:21:17 [DEBUG] Service api-gateway: Process 44296 not running (PID file exists but process dead)
12:21:18 [DEBUG] Service api-gateway: Process 44296 not running (PID file exists but process dead)
12:21:19 [DEBUG] Service api-gateway: Process 44296 not running (PID file exists but process dead)
12:21:20 [DEBUG] Service api-gateway: Process 44296 not running (PID file exists but process dead)
12:21:21 [DEBUG] Service api-gateway: Process 44296 not running (PID file exists but process dead)
12:21:22 [DEBUG] Service api-gateway: Process 44296 not running (PID file exists but process dead)
12:21:23 [DEBUG] Service api-gateway: Process 44296 not running (PID file exists but process dead)
12:21:24 [DEBUG] Service api-gateway: Process 44296 not running (PID file exists but process dead)
12:21:25 [DEBUG] Service api-gateway: Process 44296 not running (PID file exists but process dead)
12:21:26 [DEBUG] Service api-gateway: Process 44296 not running (PID file exists but process dead)
12:21:27 [DEBUG] Service api-gateway: Process 44296 not running (PID file exists but process dead)
12:21:28 [DEBUG] Service api-gateway: Process 44296 not running (PID file exists but process dead)
12:21:29 [DEBUG] Service api-gateway: Process 44296 not running (PID file exists but process dead)
12:21:30 [DEBUG] Service api-gateway: Process 44296 not running (PID file exists but process dead)
12:21:31 [DEBUG] Service api-gateway: Process 44296 not running (PID file exists but process dead)
12:21:32 [DEBUG] Service api-gateway: Process 44296 not running (PID file exists but process dead)
12:21:33 [DEBUG] Service api-gateway: Process 44296 not running (PID file exists but process dead)
12:21:34 [DEBUG] Service api-gateway: Process 44296 not running (PID file exists but process dead)
12:21:35 [DEBUG] Service api-gateway: Process 44296 not running (PID file exists but process dead)
12:21:36 [DEBUG] Service api-gateway: Process 44296 not running (PID file exists but process dead)
12:21:37 [DEBUG] Service api-gateway: Process 44296 not running (PID file exists but process dead)
12:21:38 [DEBUG] Service api-gateway: Process 44296 not running (PID file exists but process dead)
12:21:39 [DEBUG] Service api-gateway: Process 44296 not running (PID file exists but process dead)
12:21:40 [DEBUG] Service api-gateway: Process 44296 not running (PID file exists but process dead)
12:21:41 [DEBUG] Service api-gateway: Process 44296 not running (PID file exists but process dead)
12:21:42 [DEBUG] Service api-gateway: Process 44296 not running (PID file exists but process dead)
12:21:43 [DEBUG] Service api-gateway: Process 44296 not running (PID file exists but process dead)
12:21:44 [DEBUG] Service api-gateway: Process 44296 not running (PID file exists but process dead)
12:21:45 [DEBUG] Service api-gateway: Process 44296 not running (PID file exists but process dead)
12:21:46 [DEBUG] Service api-gateway: Process 44296 not running (PID file exists but process dead)
12:21:47 [DEBUG] Service api-gateway: Process 44296 not running (PID file exists but process dead)
12:21:48 [DEBUG] Service api-gateway: Process 44296 not running (PID file exists but process dead)
12:21:49 [DEBUG] Service api-gateway: Process 44296 not running (PID file exists but process dead)
12:21:50 [DEBUG] Service api-gateway: Process 44296 not running (PID file exists but process dead)
12:21:51 [DEBUG] Service api-gateway: Process 44296 not running (PID file exists but process dead)
12:21:52 [DEBUG] Service api-gateway: Process 44296 not running (PID file exists but process dead)
12:21:53 [DEBUG] Service api-gateway: Process 44296 not running (PID file exists but process dead)
12:21:54 [DEBUG] Service api-gateway: Process 44296 not running (PID file exists but process dead)
12:21:55 [DEBUG] Service api-gateway: Process 44296 not running (PID file exists but process dead)
12:21:56 [DEBUG] Service api-gateway: Process 44296 not running (PID file exists but process dead)
12:21:57 [DEBUG] Service api-gateway: Process 44296 not running (PID file exists but process dead)
12:21:58 [DEBUG] Service api-gateway: Process 44296 not running (PID file exists but process dead)
12:21:59 [DEBUG] Service api-gateway: Process 44296 not running (PID file exists but process dead)
12:22:00 [DEBUG] Service api-gateway: Process 44296 not running (PID file exists but process dead)
12:22:01 [DEBUG] Service api-gateway: Process 44296 not running (PID file exists but process dead)
12:22:02 [DEBUG] Service api-gateway: Process 44296 not running (PID file exists but process dead)
12:22:03 [DEBUG] Service api-gateway: Process 44296 not running (PID file exists but process dead)
12:22:04 [DEBUG] Service api-gateway: Process 44296 not running (PID file exists but process dead)
12:22:05 [DEBUG] Service api-gateway: Process 44296 not running (PID file exists but process dead)
12:22:06 [DEBUG] Service api-gateway: Process 44296 not running (PID file exists but process dead)
12:22:07 [DEBUG] Service api-gateway: Process 44296 not running (PID file exists but process dead)
12:22:08 [DEBUG] Service api-gateway: Process 44296 not running (PID file exists but process dead)
12:22:09 [DEBUG] Service api-gateway: Process 44296 not running (PID file exists but process dead)
12:22:10 [DEBUG] Service api-gateway: Process 44296 not running (PID file exists but process dead)
12:22:11 [DEBUG] Service api-gateway: Process 44296 not running (PID file exists but process dead)
12:22:12 [DEBUG] Service api-gateway: Process 44296 not running (PID file exists but process dead)
12:22:13 [DEBUG] Service api-gateway: Process 44296 not running (PID file exists but process dead)
12:22:14 [DEBUG] Service api-gateway: Process 44296 not running (PID file exists but process dead)
12:22:15 [DEBUG] Service api-gateway: Process 44296 not running (PID file exists but process dead)
12:22:16 [DEBUG] Service api-gateway: Process 44296 not running (PID file exists but process dead)
12:22:17 [DEBUG] Service api-gateway: Process 44296 not running (PID file exists but process dead)
12:22:18 [DEBUG] Service api-gateway: Process 44296 not running (PID file exists but process dead)
