2026-02-08 17:44:25 [HEADER] === SOAK MONITOR STARTED ===
2026-02-08 17:44:25 [INFO] Duration: 48h, Snapshots every 15m, Checkpoints every 60m
2026-02-08 17:44:25 [INFO] End time: 2026-02-10 17:44:25
2026-02-08 17:44:25 [INFO] Baseline: S:\artifacts\phase3\soak\t0-baseline.json
2026-02-08 17:44:25 [PASS] [snapshot-1] Snapshot 20260208_174425: 6/6 healthy, 0 sev events, elapsed=0.07h
2026-02-08 17:59:25 [PASS] [snapshot-2] Snapshot 20260208_175925: 6/6 healthy, 0 sev events, elapsed=0.32h
2026-02-08 18:14:26 [PASS] [snapshot-3] Snapshot 20260208_181425: 6/6 healthy, 0 sev events, elapsed=0.57h
2026-02-08 18:29:26 [PASS] [snapshot-4] Snapshot 20260208_182926: 6/6 healthy, 0 sev events, elapsed=0.82h
2026-02-08 18:44:26 [HEADER] === CHECKPOINT 1 (18:44:26) ===
2026-02-08 18:44:26 [PASS] [checkpoint-1] Snapshot 20260208_184426: 6/6 healthy, 0 sev events, elapsed=1.07h
2026-02-08 18:44:26 [SUMMARY] Checkpoint 1: availability=100%, snapshots=5, sev_events=0
2026-02-08 18:59:26 [PASS] [snapshot-6] Snapshot 20260208_185926: 6/6 healthy, 0 sev events, elapsed=1.32h
2026-02-08 19:14:26 [PASS] [snapshot-7] Snapshot 20260208_191426: 6/6 healthy, 0 sev events, elapsed=1.57h
2026-02-08 19:29:25 [PASS] [snapshot-8] Snapshot 20260208_192925: 6/6 healthy, 0 sev events, elapsed=1.82h
2026-02-08 19:44:25 [PASS] [snapshot-9] Snapshot 20260208_194425: 6/6 healthy, 0 sev events, elapsed=2.07h
2026-02-08 19:59:25 [HEADER] === CHECKPOINT 2 (19:59:25) ===
2026-02-08 19:59:25 [PASS] [checkpoint-2] Snapshot 20260208_195925: 6/6 healthy, 0 sev events, elapsed=2.32h
2026-02-08 19:59:25 [SUMMARY] Checkpoint 2: availability=100%, snapshots=10, sev_events=0
2026-02-08 20:14:25 [WARN] [snapshot-11] Snapshot 20260208_201425: 6/6 healthy, 1 sev events, elapsed=2.57h
2026-02-08 20:14:25 [FAIL]   SEV-1: config - Config hash drift: baseline=34F1009B0AF22E2ACDD701758244BEAD15089E307D1F0435BE97C675F1A8EDCB current=37D10DD3DDD7237BFAC8D147B965CA7E622B14B4F54E3DCD16A1CDD6D84681BB
2026-02-08 20:14:25 [FAIL] SOAK ABORTED: Sev-1 event detected
2026-02-08 20:14:25 [FAIL] === SOAK FAILED ===
2026-02-08 20:14:25 [FAIL] Re-enter Gate 1.
